\BOOKMARK [0][-]{chapter.1}{\376\377\0001\000\040\000J\000e\000u\000x\000S\000e\000r\000p\000e\000n\000t\000C\000o\000n\000s\000o\000l\000e\000L\000i\000n\000u\000x}{}% 1
\BOOKMARK [0][-]{chapter.2}{\376\377\0002\000\040\000C\000l\000a\000s\000s\000\040\000I\000n\000d\000e\000x}{}% 2
\BOOKMARK [1][-]{section.2.1}{\376\377\0002\000.\0001\000\040\000C\000l\000a\000s\000s\000\040\000L\000i\000s\000t}{chapter.2}% 3
\BOOKMARK [0][-]{chapter.3}{\376\377\0003\000\040\000F\000i\000l\000e\000\040\000I\000n\000d\000e\000x}{}% 4
\BOOKMARK [1][-]{section.3.1}{\376\377\0003\000.\0001\000\040\000F\000i\000l\000e\000\040\000L\000i\000s\000t}{chapter.3}% 5
\BOOKMARK [0][-]{chapter.4}{\376\377\0004\000\040\000C\000l\000a\000s\000s\000\040\000D\000o\000c\000u\000m\000e\000n\000t\000a\000t\000i\000o\000n}{}% 6
\BOOKMARK [1][-]{section.4.1}{\376\377\0004\000.\0001\000\040\000B\000o\000a\000r\000d\000\040\000C\000l\000a\000s\000s\000\040\000R\000e\000f\000e\000r\000e\000n\000c\000e}{chapter.4}% 7
\BOOKMARK [2][-]{subsection.4.1.1}{\376\377\0004\000.\0001\000.\0001\000\040\000D\000e\000t\000a\000i\000l\000e\000d\000\040\000D\000e\000s\000c\000r\000i\000p\000t\000i\000o\000n}{section.4.1}% 8
\BOOKMARK [2][-]{subsection.4.1.2}{\376\377\0004\000.\0001\000.\0002\000\040\000C\000o\000n\000s\000t\000r\000u\000c\000t\000o\000r\000\040\000\046\000\040\000D\000e\000s\000t\000r\000u\000c\000t\000o\000r\000\040\000D\000o\000c\000u\000m\000e\000n\000t\000a\000t\000i\000o\000n}{section.4.1}% 9
\BOOKMARK [3][-]{subsubsection.4.1.2.1}{\376\377\0004\000.\0001\000.\0002\000.\0001\000\040\000B\000o\000a\000r\000d\000\050\000\051\000\040\000[\0001\000/\0002\000]}{subsection.4.1.2}% 10
\BOOKMARK [3][-]{subsubsection.4.1.2.2}{\376\377\0004\000.\0001\000.\0002\000.\0002\000\040\000B\000o\000a\000r\000d\000\050\000\051\000\040\000[\0002\000/\0002\000]}{subsection.4.1.2}% 11
\BOOKMARK [2][-]{subsection.4.1.3}{\376\377\0004\000.\0001\000.\0003\000\040\000M\000e\000m\000b\000e\000r\000\040\000F\000u\000n\000c\000t\000i\000o\000n\000\040\000D\000o\000c\000u\000m\000e\000n\000t\000a\000t\000i\000o\000n}{section.4.1}% 12
\BOOKMARK [3][-]{subsubsection.4.1.3.1}{\376\377\0004\000.\0001\000.\0003\000.\0001\000\040\000g\000e\000t\000H\000e\000i\000g\000h\000t\000B\000o\000a\000r\000d\000\050\000\051}{subsection.4.1.3}% 13
\BOOKMARK [3][-]{subsubsection.4.1.3.2}{\376\377\0004\000.\0001\000.\0003\000.\0002\000\040\000g\000e\000t\000P\000o\000s\000B\000o\000a\000r\000d\000\050\000\051}{subsection.4.1.3}% 14
\BOOKMARK [3][-]{subsubsection.4.1.3.3}{\376\377\0004\000.\0001\000.\0003\000.\0003\000\040\000g\000e\000t\000W\000i\000d\000t\000h\000B\000o\000a\000r\000d\000\050\000\051}{subsection.4.1.3}% 15
\BOOKMARK [3][-]{subsubsection.4.1.3.4}{\376\377\0004\000.\0001\000.\0003\000.\0004\000\040\000s\000e\000t\000E\000l\000e\000m\000e\000n\000t\000\050\000\051}{subsection.4.1.3}% 16
\BOOKMARK [3][-]{subsubsection.4.1.3.5}{\376\377\0004\000.\0001\000.\0003\000.\0005\000\040\000s\000e\000t\000P\000i\000x\000e\000l\000C\000o\000l\000o\000r\000\050\000\051}{subsection.4.1.3}% 17
\BOOKMARK [3][-]{subsubsection.4.1.3.6}{\376\377\0004\000.\0001\000.\0003\000.\0006\000\040\000s\000e\000t\000P\000o\000s\000B\000o\000a\000r\000d\000\050\000\051}{subsection.4.1.3}% 18
\BOOKMARK [1][-]{section.4.2}{\376\377\0004\000.\0002\000\040\000c\000o\000l\000o\000r\000\040\000S\000t\000r\000u\000c\000t\000\040\000R\000e\000f\000e\000r\000e\000n\000c\000e}{chapter.4}% 19
\BOOKMARK [2][-]{subsection.4.2.1}{\376\377\0004\000.\0002\000.\0001\000\040\000D\000e\000t\000a\000i\000l\000e\000d\000\040\000D\000e\000s\000c\000r\000i\000p\000t\000i\000o\000n}{section.4.2}% 20
\BOOKMARK [1][-]{section.4.3}{\376\377\0004\000.\0003\000\040\000C\000o\000o\000r\000d\000\040\000S\000t\000r\000u\000c\000t\000\040\000R\000e\000f\000e\000r\000e\000n\000c\000e}{chapter.4}% 21
\BOOKMARK [2][-]{subsection.4.3.1}{\376\377\0004\000.\0003\000.\0001\000\040\000D\000e\000t\000a\000i\000l\000e\000d\000\040\000D\000e\000s\000c\000r\000i\000p\000t\000i\000o\000n}{section.4.3}% 22
\BOOKMARK [1][-]{section.4.4}{\376\377\0004\000.\0004\000\040\000F\000o\000o\000d\000\040\000C\000l\000a\000s\000s\000\040\000R\000e\000f\000e\000r\000e\000n\000c\000e}{chapter.4}% 23
\BOOKMARK [2][-]{subsection.4.4.1}{\376\377\0004\000.\0004\000.\0001\000\040\000D\000e\000t\000a\000i\000l\000e\000d\000\040\000D\000e\000s\000c\000r\000i\000p\000t\000i\000o\000n}{section.4.4}% 24
\BOOKMARK [2][-]{subsection.4.4.2}{\376\377\0004\000.\0004\000.\0002\000\040\000C\000o\000n\000s\000t\000r\000u\000c\000t\000o\000r\000\040\000\046\000\040\000D\000e\000s\000t\000r\000u\000c\000t\000o\000r\000\040\000D\000o\000c\000u\000m\000e\000n\000t\000a\000t\000i\000o\000n}{section.4.4}% 25
\BOOKMARK [3][-]{subsubsection.4.4.2.1}{\376\377\0004\000.\0004\000.\0002\000.\0001\000\040\000F\000o\000o\000d\000\050\000\051}{subsection.4.4.2}% 26
\BOOKMARK [2][-]{subsection.4.4.3}{\376\377\0004\000.\0004\000.\0003\000\040\000M\000e\000m\000b\000e\000r\000\040\000F\000u\000n\000c\000t\000i\000o\000n\000\040\000D\000o\000c\000u\000m\000e\000n\000t\000a\000t\000i\000o\000n}{section.4.4}% 27
\BOOKMARK [3][-]{subsubsection.4.4.3.1}{\376\377\0004\000.\0004\000.\0003\000.\0001\000\040\000a\000l\000e\000a\000N\000u\000m\000b\000e\000r\000\050\000\051}{subsection.4.4.3}% 28
\BOOKMARK [1][-]{section.4.5}{\376\377\0004\000.\0005\000\040\000S\000n\000a\000k\000e\000\040\000C\000l\000a\000s\000s\000\040\000R\000e\000f\000e\000r\000e\000n\000c\000e}{chapter.4}% 29
\BOOKMARK [2][-]{subsection.4.5.1}{\376\377\0004\000.\0005\000.\0001\000\040\000D\000e\000t\000a\000i\000l\000e\000d\000\040\000D\000e\000s\000c\000r\000i\000p\000t\000i\000o\000n}{section.4.5}% 30
\BOOKMARK [2][-]{subsection.4.5.2}{\376\377\0004\000.\0005\000.\0002\000\040\000C\000o\000n\000s\000t\000r\000u\000c\000t\000o\000r\000\040\000\046\000\040\000D\000e\000s\000t\000r\000u\000c\000t\000o\000r\000\040\000D\000o\000c\000u\000m\000e\000n\000t\000a\000t\000i\000o\000n}{section.4.5}% 31
\BOOKMARK [3][-]{subsubsection.4.5.2.1}{\376\377\0004\000.\0005\000.\0002\000.\0001\000\040\000S\000n\000a\000k\000e\000\050\000\051}{subsection.4.5.2}% 32
\BOOKMARK [2][-]{subsection.4.5.3}{\376\377\0004\000.\0005\000.\0003\000\040\000M\000e\000m\000b\000e\000r\000\040\000F\000u\000n\000c\000t\000i\000o\000n\000\040\000D\000o\000c\000u\000m\000e\000n\000t\000a\000t\000i\000o\000n}{section.4.5}% 33
\BOOKMARK [3][-]{subsubsection.4.5.3.1}{\376\377\0004\000.\0005\000.\0003\000.\0001\000\040\000c\000h\000a\000n\000g\000e\000D\000i\000r\000e\000c\000t\000i\000o\000n\000\050\000\051}{subsection.4.5.3}% 34
\BOOKMARK [3][-]{subsubsection.4.5.3.2}{\376\377\0004\000.\0005\000.\0003\000.\0002\000\040\000c\000h\000a\000n\000g\000e\000P\000o\000s\000o\000f\000S\000n\000a\000k\000e\000\050\000\051}{subsection.4.5.3}% 35
\BOOKMARK [3][-]{subsubsection.4.5.3.3}{\376\377\0004\000.\0005\000.\0003\000.\0003\000\040\000c\000h\000e\000c\000k\000P\000o\000s\000i\000t\000i\000o\000n\000I\000n\000t\000e\000r\000d\000i\000t\000\050\000\051}{subsection.4.5.3}% 36
\BOOKMARK [3][-]{subsubsection.4.5.3.4}{\376\377\0004\000.\0005\000.\0003\000.\0004\000\040\000g\000e\000t\000H\000e\000a\000d\000S\000n\000a\000k\000e\000P\000o\000s\000\050\000\051}{subsection.4.5.3}% 37
\BOOKMARK [3][-]{subsubsection.4.5.3.5}{\376\377\0004\000.\0005\000.\0003\000.\0005\000\040\000g\000e\000t\000L\000e\000n\000g\000t\000h\000O\000f\000S\000n\000a\000k\000e\000\050\000\051}{subsection.4.5.3}% 38
\BOOKMARK [3][-]{subsubsection.4.5.3.6}{\376\377\0004\000.\0005\000.\0003\000.\0006\000\040\000g\000e\000t\000P\000a\000r\000t\000S\000n\000a\000k\000e\000P\000o\000s\000\050\000\051}{subsection.4.5.3}% 39
\BOOKMARK [3][-]{subsubsection.4.5.3.7}{\376\377\0004\000.\0005\000.\0003\000.\0007\000\040\000n\000e\000x\000t\000M\000o\000v\000e\000D\000o\000w\000n\000\050\000\051}{subsection.4.5.3}% 40
\BOOKMARK [3][-]{subsubsection.4.5.3.8}{\376\377\0004\000.\0005\000.\0003\000.\0008\000\040\000n\000e\000x\000t\000M\000o\000v\000e\000L\000e\000f\000t\000\050\000\051}{subsection.4.5.3}% 41
\BOOKMARK [3][-]{subsubsection.4.5.3.9}{\376\377\0004\000.\0005\000.\0003\000.\0009\000\040\000n\000e\000x\000t\000M\000o\000v\000e\000R\000i\000g\000h\000t\000\050\000\051}{subsection.4.5.3}% 42
\BOOKMARK [3][-]{subsubsection.4.5.3.10}{\376\377\0004\000.\0005\000.\0003\000.\0001\0000\000\040\000n\000e\000x\000t\000M\000o\000v\000e\000U\000p\000\050\000\051}{subsection.4.5.3}% 43
\BOOKMARK [3][-]{subsubsection.4.5.3.11}{\376\377\0004\000.\0005\000.\0003\000.\0001\0001\000\040\000n\000e\000x\000t\000M\000o\000v\000i\000n\000g\000\050\000\051}{subsection.4.5.3}% 44
\BOOKMARK [3][-]{subsubsection.4.5.3.12}{\376\377\0004\000.\0005\000.\0003\000.\0001\0002\000\040\000s\000e\000t\000S\000n\000a\000k\000e\000C\000o\000o\000r\000d\000\050\000\051}{subsection.4.5.3}% 45
\BOOKMARK [0][-]{chapter.5}{\376\377\0005\000\040\000F\000i\000l\000e\000\040\000D\000o\000c\000u\000m\000e\000n\000t\000a\000t\000i\000o\000n}{}% 46
\BOOKMARK [1][-]{section.5.1}{\376\377\0005\000.\0001\000\040\000b\000o\000a\000r\000d\000.\000h}{chapter.5}% 47
\BOOKMARK [1][-]{section.5.2}{\376\377\0005\000.\0002\000\040\000c\000o\000n\000t\000r\000o\000l\000O\000u\000t\000p\000u\000t\000.\000h}{chapter.5}% 48
\BOOKMARK [1][-]{section.5.3}{\376\377\0005\000.\0003\000\040\000c\000o\000l\000o\000r\000.\000h}{chapter.5}% 49
\BOOKMARK [1][-]{section.5.4}{\376\377\0005\000.\0004\000\040\000f\000o\000o\000d\000.\000h}{chapter.5}% 50
\BOOKMARK [1][-]{section.5.5}{\376\377\0005\000.\0005\000\040\000s\000n\000a\000k\000e\000\137\000g\000a\000m\000e\000.\000h}{chapter.5}% 51
\BOOKMARK [1][-]{section.5.6}{\376\377\0005\000.\0006\000\040\000c\000o\000o\000r\000d\000.\000h}{chapter.5}% 52
\BOOKMARK [0][-]{section*.6}{\376\377\000I\000n\000d\000e\000x}{}% 53
